[02-Oct-2012 15:34:05 UTC] PHP Notice:  register_sidebar_widget is <strong>deprecated</strong> since version 2.8! Use wp_register_sidebar_widget() instead. in /wwwroot/swordschool/wp-includes/functions.php on line 2690
[02-Oct-2012 15:34:05 UTC] PHP Notice:  register_widget_control is <strong>deprecated</strong> since version 2.8! Use wp_register_widget_control() instead. in /wwwroot/swordschool/wp-includes/functions.php on line 2690
[02-Oct-2012 15:34:12 UTC] PHP Notice:  register_sidebar_widget is <strong>deprecated</strong> since version 2.8! Use wp_register_sidebar_widget() instead. in /wwwroot/swordschool/wp-includes/functions.php on line 2690
[02-Oct-2012 15:34:12 UTC] PHP Notice:  register_widget_control is <strong>deprecated</strong> since version 2.8! Use wp_register_widget_control() instead. in /wwwroot/swordschool/wp-includes/functions.php on line 2690
[02-Oct-2012 15:34:13 UTC] PHP Notice:  date_default_timezone_set(): Timezone ID '' is invalid in /wwwroot/swordschool/wp-content/plugins/google-calendar-weekly-timetable/google-calendar-weekly-timetable.php on line 409
[02-Oct-2012 15:34:13 UTC] PHP Notice:  Undefined variable: week_days in /wwwroot/swordschool/wp-content/plugins/google-calendar-weekly-timetable/google-calendar-weekly-timetable.php on line 454
[02-Oct-2012 15:34:13 UTC] PHP Notice:  Undefined variable: refresh_feed_key in /wwwroot/swordschool/wp-content/plugins/google-calendar-weekly-timetable/inc/gcwt-parser.php on line 50
[02-Oct-2012 15:34:13 UTC] PHP Warning:  ./cache is not writeable. Make sure you've set the correct relative or absolute path, and that the location is server-writable. in /wwwroot/swordschool/wp-includes/class-simplepie.php on line 1417
[02-Oct-2012 15:34:13 UTC] PHP Notice:  Undefined offset: 0 in /wwwroot/swordschool/wp-includes/class-simplepie.php on line 3019
[02-Oct-2012 15:34:13 UTC] PHP Notice:  Undefined offset: 5 in /wwwroot/swordschool/wp-content/plugins/google-calendar-weekly-timetable/inc/gcwt-parser.php on line 424
[02-Oct-2012 15:34:13 UTC] PHP Notice:  Undefined offset: 6 in /wwwroot/swordschool/wp-content/plugins/google-calendar-weekly-timetable/inc/gcwt-parser.php on line 424
[02-Oct-2012 15:34:13 UTC] PHP Notice:  Undefined offset: 5 in /wwwroot/swordschool/wp-content/plugins/google-calendar-weekly-timetable/inc/gcwt-parser.php on line 424
[02-Oct-2012 15:34:13 UTC] PHP Notice:  Undefined offset: 6 in /wwwroot/swordschool/wp-content/plugins/google-calendar-weekly-timetable/inc/gcwt-parser.php on line 424
[02-Oct-2012 15:34:55 UTC] PHP Notice:  register_sidebar_widget is <strong>deprecated</strong> since version 2.8! Use wp_register_sidebar_widget() instead. in /wwwroot/swordschool/wp-includes/functions.php on line 2690
[02-Oct-2012 15:34:55 UTC] PHP Notice:  register_widget_control is <strong>deprecated</strong> since version 2.8! Use wp_register_widget_control() instead. in /wwwroot/swordschool/wp-includes/functions.php on line 2690
[02-Oct-2012 15:34:55 UTC] PHP Notice:  date_default_timezone_set(): Timezone ID '' is invalid in /wwwroot/swordschool/wp-content/plugins/google-calendar-weekly-timetable/google-calendar-weekly-timetable.php on line 409
[02-Oct-2012 15:34:55 UTC] PHP Notice:  Undefined variable: week_days in /wwwroot/swordschool/wp-content/plugins/google-calendar-weekly-timetable/google-calendar-weekly-timetable.php on line 454
[02-Oct-2012 15:34:55 UTC] PHP Notice:  Undefined variable: refresh_feed_key in /wwwroot/swordschool/wp-content/plugins/google-calendar-weekly-timetable/inc/gcwt-parser.php on line 50
[02-Oct-2012 15:34:55 UTC] PHP Warning:  ./cache is not writeable. Make sure you've set the correct relative or absolute path, and that the location is server-writable. in /wwwroot/swordschool/wp-includes/class-simplepie.php on line 1417
[02-Oct-2012 15:34:55 UTC] PHP Notice:  Undefined offset: 0 in /wwwroot/swordschool/wp-includes/class-simplepie.php on line 3019
[02-Oct-2012 15:34:55 UTC] PHP Notice:  Undefined offset: 5 in /wwwroot/swordschool/wp-content/plugins/google-calendar-weekly-timetable/inc/gcwt-parser.php on line 424
[02-Oct-2012 15:34:55 UTC] PHP Notice:  Undefined offset: 6 in /wwwroot/swordschool/wp-content/plugins/google-calendar-weekly-timetable/inc/gcwt-parser.php on line 424
[02-Oct-2012 15:34:55 UTC] PHP Notice:  Undefined offset: 5 in /wwwroot/swordschool/wp-content/plugins/google-calendar-weekly-timetable/inc/gcwt-parser.php on line 424
[02-Oct-2012 15:34:55 UTC] PHP Notice:  Undefined offset: 6 in /wwwroot/swordschool/wp-content/plugins/google-calendar-weekly-timetable/inc/gcwt-parser.php on line 424
[02-Oct-2012 15:36:46 UTC] PHP Notice:  register_sidebar_widget is <strong>deprecated</strong> since version 2.8! Use wp_register_sidebar_widget() instead. in /wwwroot/swordschool/wp-includes/functions.php on line 2690
[02-Oct-2012 15:36:46 UTC] PHP Notice:  register_widget_control is <strong>deprecated</strong> since version 2.8! Use wp_register_widget_control() instead. in /wwwroot/swordschool/wp-includes/functions.php on line 2690
[02-Oct-2012 15:36:46 UTC] PHP Notice:  date_default_timezone_set(): Timezone ID '' is invalid in /wwwroot/swordschool/wp-content/plugins/google-calendar-weekly-timetable/google-calendar-weekly-timetable.php on line 409
[02-Oct-2012 15:36:46 UTC] PHP Notice:  Undefined variable: week_days in /wwwroot/swordschool/wp-content/plugins/google-calendar-weekly-timetable/google-calendar-weekly-timetable.php on line 454
[02-Oct-2012 15:36:46 UTC] PHP Notice:  Undefined variable: refresh_feed_key in /wwwroot/swordschool/wp-content/plugins/google-calendar-weekly-timetable/inc/gcwt-parser.php on line 50
[02-Oct-2012 15:36:46 UTC] PHP Warning:  ./cache is not writeable. Make sure you've set the correct relative or absolute path, and that the location is server-writable. in /wwwroot/swordschool/wp-includes/class-simplepie.php on line 1417
[02-Oct-2012 15:36:46 UTC] PHP Notice:  Undefined offset: 0 in /wwwroot/swordschool/wp-includes/class-simplepie.php on line 3019
[02-Oct-2012 15:36:46 UTC] PHP Notice:  Undefined offset: 5 in /wwwroot/swordschool/wp-content/plugins/google-calendar-weekly-timetable/inc/gcwt-parser.php on line 424
[02-Oct-2012 15:36:46 UTC] PHP Notice:  Undefined offset: 6 in /wwwroot/swordschool/wp-content/plugins/google-calendar-weekly-timetable/inc/gcwt-parser.php on line 424
[02-Oct-2012 15:36:46 UTC] PHP Notice:  Undefined offset: 5 in /wwwroot/swordschool/wp-content/plugins/google-calendar-weekly-timetable/inc/gcwt-parser.php on line 424
[02-Oct-2012 15:36:46 UTC] PHP Notice:  Undefined offset: 6 in /wwwroot/swordschool/wp-content/plugins/google-calendar-weekly-timetable/inc/gcwt-parser.php on line 424
[02-Oct-2012 15:38:53 UTC] PHP Notice:  register_sidebar_widget is <strong>deprecated</strong> since version 2.8! Use wp_register_sidebar_widget() instead. in /wwwroot/swordschool/wp-includes/functions.php on line 2690
[02-Oct-2012 15:38:53 UTC] PHP Notice:  register_widget_control is <strong>deprecated</strong> since version 2.8! Use wp_register_widget_control() instead. in /wwwroot/swordschool/wp-includes/functions.php on line 2690
[02-Oct-2012 15:38:53 UTC] PHP Notice:  date_default_timezone_set(): Timezone ID '' is invalid in /wwwroot/swordschool/wp-content/plugins/google-calendar-weekly-timetable/google-calendar-weekly-timetable.php on line 409
[02-Oct-2012 15:38:53 UTC] PHP Notice:  Undefined variable: week_days in /wwwroot/swordschool/wp-content/plugins/google-calendar-weekly-timetable/google-calendar-weekly-timetable.php on line 454
[02-Oct-2012 15:38:53 UTC] PHP Notice:  Undefined variable: refresh_feed_key in /wwwroot/swordschool/wp-content/plugins/google-calendar-weekly-timetable/inc/gcwt-parser.php on line 50
[02-Oct-2012 15:38:53 UTC] PHP Warning:  ./cache is not writeable. Make sure you've set the correct relative or absolute path, and that the location is server-writable. in /wwwroot/swordschool/wp-includes/class-simplepie.php on line 1417
[02-Oct-2012 15:38:53 UTC] PHP Notice:  Undefined offset: 0 in /wwwroot/swordschool/wp-includes/class-simplepie.php on line 3019
[02-Oct-2012 15:38:53 UTC] PHP Notice:  Undefined offset: 5 in /wwwroot/swordschool/wp-content/plugins/google-calendar-weekly-timetable/inc/gcwt-parser.php on line 424
[02-Oct-2012 15:38:53 UTC] PHP Notice:  Undefined offset: 6 in /wwwroot/swordschool/wp-content/plugins/google-calendar-weekly-timetable/inc/gcwt-parser.php on line 424
[02-Oct-2012 15:38:53 UTC] PHP Notice:  Undefined offset: 5 in /wwwroot/swordschool/wp-content/plugins/google-calendar-weekly-timetable/inc/gcwt-parser.php on line 424
[02-Oct-2012 15:38:53 UTC] PHP Notice:  Undefined offset: 6 in /wwwroot/swordschool/wp-content/plugins/google-calendar-weekly-timetable/inc/gcwt-parser.php on line 424
[02-Oct-2012 15:39:00 UTC] PHP Notice:  register_sidebar_widget is <strong>deprecated</strong> since version 2.8! Use wp_register_sidebar_widget() instead. in /wwwroot/swordschool/wp-includes/functions.php on line 2690
[02-Oct-2012 15:39:00 UTC] PHP Notice:  register_widget_control is <strong>deprecated</strong> since version 2.8! Use wp_register_widget_control() instead. in /wwwroot/swordschool/wp-includes/functions.php on line 2690
[02-Oct-2012 15:39:05 UTC] PHP Notice:  register_sidebar_widget is <strong>deprecated</strong> since version 2.8! Use wp_register_sidebar_widget() instead. in /wwwroot/swordschool/wp-includes/functions.php on line 2690
[02-Oct-2012 15:39:05 UTC] PHP Notice:  register_widget_control is <strong>deprecated</strong> since version 2.8! Use wp_register_widget_control() instead. in /wwwroot/swordschool/wp-includes/functions.php on line 2690
[02-Oct-2012 15:39:05 UTC] PHP Notice:  date_default_timezone_set(): Timezone ID '' is invalid in /wwwroot/swordschool/wp-content/plugins/google-calendar-weekly-timetable/google-calendar-weekly-timetable.php on line 409
[02-Oct-2012 15:39:05 UTC] PHP Notice:  Undefined variable: week_days in /wwwroot/swordschool/wp-content/plugins/google-calendar-weekly-timetable/google-calendar-weekly-timetable.php on line 454
[02-Oct-2012 15:39:05 UTC] PHP Notice:  Undefined variable: refresh_feed_key in /wwwroot/swordschool/wp-content/plugins/google-calendar-weekly-timetable/inc/gcwt-parser.php on line 50
[02-Oct-2012 15:39:05 UTC] PHP Warning:  ./cache is not writeable. Make sure you've set the correct relative or absolute path, and that the location is server-writable. in /wwwroot/swordschool/wp-includes/class-simplepie.php on line 1417
[02-Oct-2012 15:39:05 UTC] PHP Notice:  Undefined offset: 0 in /wwwroot/swordschool/wp-includes/class-simplepie.php on line 3019
[02-Oct-2012 15:39:05 UTC] PHP Notice:  Undefined offset: 5 in /wwwroot/swordschool/wp-content/plugins/google-calendar-weekly-timetable/inc/gcwt-parser.php on line 424
[02-Oct-2012 15:39:05 UTC] PHP Notice:  Undefined offset: 6 in /wwwroot/swordschool/wp-content/plugins/google-calendar-weekly-timetable/inc/gcwt-parser.php on line 424
[02-Oct-2012 15:39:05 UTC] PHP Notice:  Undefined offset: 5 in /wwwroot/swordschool/wp-content/plugins/google-calendar-weekly-timetable/inc/gcwt-parser.php on line 424
[02-Oct-2012 15:39:05 UTC] PHP Notice:  Undefined offset: 6 in /wwwroot/swordschool/wp-content/plugins/google-calendar-weekly-timetable/inc/gcwt-parser.php on line 424
[02-Oct-2012 15:40:53 UTC] PHP Notice:  register_sidebar_widget is <strong>deprecated</strong> since version 2.8! Use wp_register_sidebar_widget() instead. in /wwwroot/swordschool/wp-includes/functions.php on line 2690
[02-Oct-2012 15:40:53 UTC] PHP Notice:  register_widget_control is <strong>deprecated</strong> since version 2.8! Use wp_register_widget_control() instead. in /wwwroot/swordschool/wp-includes/functions.php on line 2690
[02-Oct-2012 15:40:53 UTC] PHP Notice:  date_default_timezone_set(): Timezone ID '' is invalid in /wwwroot/swordschool/wp-content/plugins/google-calendar-weekly-timetable/google-calendar-weekly-timetable.php on line 409
[02-Oct-2012 15:40:53 UTC] PHP Notice:  Undefined variable: week_days in /wwwroot/swordschool/wp-content/plugins/google-calendar-weekly-timetable/google-calendar-weekly-timetable.php on line 454
[02-Oct-2012 15:40:53 UTC] PHP Notice:  Undefined variable: refresh_feed_key in /wwwroot/swordschool/wp-content/plugins/google-calendar-weekly-timetable/inc/gcwt-parser.php on line 50
[02-Oct-2012 15:40:53 UTC] PHP Warning:  ./cache is not writeable. Make sure you've set the correct relative or absolute path, and that the location is server-writable. in /wwwroot/swordschool/wp-includes/class-simplepie.php on line 1417
[02-Oct-2012 15:40:53 UTC] PHP Notice:  Undefined offset: 0 in /wwwroot/swordschool/wp-includes/class-simplepie.php on line 3019
[02-Oct-2012 15:40:53 UTC] PHP Notice:  Undefined offset: 5 in /wwwroot/swordschool/wp-content/plugins/google-calendar-weekly-timetable/inc/gcwt-parser.php on line 424
[02-Oct-2012 15:40:53 UTC] PHP Notice:  Undefined offset: 6 in /wwwroot/swordschool/wp-content/plugins/google-calendar-weekly-timetable/inc/gcwt-parser.php on line 424
[02-Oct-2012 15:40:53 UTC] PHP Notice:  Undefined offset: 5 in /wwwroot/swordschool/wp-content/plugins/google-calendar-weekly-timetable/inc/gcwt-parser.php on line 424
[02-Oct-2012 15:40:53 UTC] PHP Notice:  Undefined offset: 6 in /wwwroot/swordschool/wp-content/plugins/google-calendar-weekly-timetable/inc/gcwt-parser.php on line 424
[02-Oct-2012 15:41:16 UTC] PHP Notice:  register_sidebar_widget is <strong>deprecated</strong> since version 2.8! Use wp_register_sidebar_widget() instead. in /wwwroot/swordschool/wp-includes/functions.php on line 2690
[02-Oct-2012 15:41:16 UTC] PHP Notice:  register_widget_control is <strong>deprecated</strong> since version 2.8! Use wp_register_widget_control() instead. in /wwwroot/swordschool/wp-includes/functions.php on line 2690
[02-Oct-2012 15:41:17 UTC] PHP Notice:  date_default_timezone_set(): Timezone ID '' is invalid in /wwwroot/swordschool/wp-content/plugins/google-calendar-weekly-timetable/google-calendar-weekly-timetable.php on line 409
[02-Oct-2012 15:41:17 UTC] PHP Notice:  Undefined variable: week_days in /wwwroot/swordschool/wp-content/plugins/google-calendar-weekly-timetable/google-calendar-weekly-timetable.php on line 454
[02-Oct-2012 15:41:17 UTC] PHP Notice:  Undefined variable: refresh_feed_key in /wwwroot/swordschool/wp-content/plugins/google-calendar-weekly-timetable/inc/gcwt-parser.php on line 50
[02-Oct-2012 15:41:17 UTC] PHP Warning:  ./cache is not writeable. Make sure you've set the correct relative or absolute path, and that the location is server-writable. in /wwwroot/swordschool/wp-includes/class-simplepie.php on line 1417
[02-Oct-2012 15:41:17 UTC] PHP Notice:  Undefined offset: 0 in /wwwroot/swordschool/wp-includes/class-simplepie.php on line 3019
[02-Oct-2012 15:41:17 UTC] PHP Notice:  Undefined offset: 5 in /wwwroot/swordschool/wp-content/plugins/google-calendar-weekly-timetable/inc/gcwt-parser.php on line 424
[02-Oct-2012 15:41:17 UTC] PHP Notice:  Undefined offset: 6 in /wwwroot/swordschool/wp-content/plugins/google-calendar-weekly-timetable/inc/gcwt-parser.php on line 424
[02-Oct-2012 15:41:17 UTC] PHP Notice:  Undefined offset: 5 in /wwwroot/swordschool/wp-content/plugins/google-calendar-weekly-timetable/inc/gcwt-parser.php on line 424
[02-Oct-2012 15:41:17 UTC] PHP Notice:  Undefined offset: 6 in /wwwroot/swordschool/wp-content/plugins/google-calendar-weekly-timetable/inc/gcwt-parser.php on line 424
[02-Oct-2012 15:41:40 UTC] PHP Notice:  register_sidebar_widget is <strong>deprecated</strong> since version 2.8! Use wp_register_sidebar_widget() instead. in /wwwroot/swordschool/wp-includes/functions.php on line 2690
[02-Oct-2012 15:41:40 UTC] PHP Notice:  register_widget_control is <strong>deprecated</strong> since version 2.8! Use wp_register_widget_control() instead. in /wwwroot/swordschool/wp-includes/functions.php on line 2690
[02-Oct-2012 15:41:40 UTC] PHP Notice:  date_default_timezone_set(): Timezone ID '' is invalid in /wwwroot/swordschool/wp-content/plugins/google-calendar-weekly-timetable/google-calendar-weekly-timetable.php on line 409
[02-Oct-2012 15:41:40 UTC] PHP Notice:  Undefined variable: week_days in /wwwroot/swordschool/wp-content/plugins/google-calendar-weekly-timetable/google-calendar-weekly-timetable.php on line 454
[02-Oct-2012 15:41:40 UTC] PHP Notice:  Undefined variable: refresh_feed_key in /wwwroot/swordschool/wp-content/plugins/google-calendar-weekly-timetable/inc/gcwt-parser.php on line 50
[02-Oct-2012 15:41:41 UTC] PHP Warning:  ./cache is not writeable. Make sure you've set the correct relative or absolute path, and that the location is server-writable. in /wwwroot/swordschool/wp-includes/class-simplepie.php on line 1417
[02-Oct-2012 15:41:41 UTC] PHP Notice:  Undefined offset: 0 in /wwwroot/swordschool/wp-includes/class-simplepie.php on line 3019
[02-Oct-2012 15:41:41 UTC] PHP Notice:  Undefined offset: 5 in /wwwroot/swordschool/wp-content/plugins/google-calendar-weekly-timetable/inc/gcwt-parser.php on line 424
[02-Oct-2012 15:41:41 UTC] PHP Notice:  Undefined offset: 6 in /wwwroot/swordschool/wp-content/plugins/google-calendar-weekly-timetable/inc/gcwt-parser.php on line 424
[02-Oct-2012 15:41:41 UTC] PHP Notice:  Undefined offset: 5 in /wwwroot/swordschool/wp-content/plugins/google-calendar-weekly-timetable/inc/gcwt-parser.php on line 424
[02-Oct-2012 15:41:41 UTC] PHP Notice:  Undefined offset: 6 in /wwwroot/swordschool/wp-content/plugins/google-calendar-weekly-timetable/inc/gcwt-parser.php on line 424
[02-Oct-2012 15:41:43 UTC] PHP Notice:  register_sidebar_widget is <strong>deprecated</strong> since version 2.8! Use wp_register_sidebar_widget() instead. in /wwwroot/swordschool/wp-includes/functions.php on line 2690
[02-Oct-2012 15:41:43 UTC] PHP Notice:  register_widget_control is <strong>deprecated</strong> since version 2.8! Use wp_register_widget_control() instead. in /wwwroot/swordschool/wp-includes/functions.php on line 2690
[02-Oct-2012 15:41:43 UTC] PHP Notice:  date_default_timezone_set(): Timezone ID '' is invalid in /wwwroot/swordschool/wp-content/plugins/google-calendar-weekly-timetable/google-calendar-weekly-timetable.php on line 409
[02-Oct-2012 15:41:43 UTC] PHP Notice:  Undefined variable: week_days in /wwwroot/swordschool/wp-content/plugins/google-calendar-weekly-timetable/google-calendar-weekly-timetable.php on line 454
[02-Oct-2012 15:41:43 UTC] PHP Notice:  Undefined variable: refresh_feed_key in /wwwroot/swordschool/wp-content/plugins/google-calendar-weekly-timetable/inc/gcwt-parser.php on line 50
[02-Oct-2012 15:41:44 UTC] PHP Warning:  ./cache is not writeable. Make sure you've set the correct relative or absolute path, and that the location is server-writable. in /wwwroot/swordschool/wp-includes/class-simplepie.php on line 1417
[02-Oct-2012 15:41:44 UTC] PHP Notice:  Undefined offset: 0 in /wwwroot/swordschool/wp-includes/class-simplepie.php on line 3019
[02-Oct-2012 15:41:44 UTC] PHP Notice:  Undefined offset: 5 in /wwwroot/swordschool/wp-content/plugins/google-calendar-weekly-timetable/inc/gcwt-parser.php on line 424
[02-Oct-2012 15:41:44 UTC] PHP Notice:  Undefined offset: 6 in /wwwroot/swordschool/wp-content/plugins/google-calendar-weekly-timetable/inc/gcwt-parser.php on line 424
[02-Oct-2012 15:41:44 UTC] PHP Notice:  Undefined offset: 5 in /wwwroot/swordschool/wp-content/plugins/google-calendar-weekly-timetable/inc/gcwt-parser.php on line 424
[02-Oct-2012 15:41:44 UTC] PHP Notice:  Undefined offset: 6 in /wwwroot/swordschool/wp-content/plugins/google-calendar-weekly-timetable/inc/gcwt-parser.php on line 424
[02-Oct-2012 15:42:56 UTC] PHP Notice:  register_sidebar_widget is <strong>deprecated</strong> since version 2.8! Use wp_register_sidebar_widget() instead. in /wwwroot/swordschool/wp-includes/functions.php on line 2690
[02-Oct-2012 15:42:56 UTC] PHP Notice:  register_widget_control is <strong>deprecated</strong> since version 2.8! Use wp_register_widget_control() instead. in /wwwroot/swordschool/wp-includes/functions.php on line 2690
[02-Oct-2012 15:42:56 UTC] PHP Notice:  date_default_timezone_set(): Timezone ID '' is invalid in /wwwroot/swordschool/wp-content/plugins/google-calendar-weekly-timetable/google-calendar-weekly-timetable.php on line 409
[02-Oct-2012 15:42:56 UTC] PHP Notice:  Undefined variable: week_days in /wwwroot/swordschool/wp-content/plugins/google-calendar-weekly-timetable/google-calendar-weekly-timetable.php on line 454
[02-Oct-2012 15:42:56 UTC] PHP Notice:  Undefined variable: refresh_feed_key in /wwwroot/swordschool/wp-content/plugins/google-calendar-weekly-timetable/inc/gcwt-parser.php on line 50
[02-Oct-2012 15:42:56 UTC] PHP Warning:  ./cache is not writeable. Make sure you've set the correct relative or absolute path, and that the location is server-writable. in /wwwroot/swordschool/wp-includes/class-simplepie.php on line 1417
[02-Oct-2012 15:42:56 UTC] PHP Notice:  Undefined offset: 0 in /wwwroot/swordschool/wp-includes/class-simplepie.php on line 3019
[02-Oct-2012 15:42:56 UTC] PHP Notice:  Undefined offset: 5 in /wwwroot/swordschool/wp-content/plugins/google-calendar-weekly-timetable/inc/gcwt-parser.php on line 424
[02-Oct-2012 15:42:56 UTC] PHP Notice:  Undefined offset: 6 in /wwwroot/swordschool/wp-content/plugins/google-calendar-weekly-timetable/inc/gcwt-parser.php on line 424
[02-Oct-2012 15:42:56 UTC] PHP Notice:  Undefined offset: 5 in /wwwroot/swordschool/wp-content/plugins/google-calendar-weekly-timetable/inc/gcwt-parser.php on line 424
[02-Oct-2012 15:42:56 UTC] PHP Notice:  Undefined offset: 6 in /wwwroot/swordschool/wp-content/plugins/google-calendar-weekly-timetable/inc/gcwt-parser.php on line 424
[02-Oct-2012 15:43:15 UTC] PHP Notice:  register_sidebar_widget is <strong>deprecated</strong> since version 2.8! Use wp_register_sidebar_widget() instead. in /wwwroot/swordschool/wp-includes/functions.php on line 2690
[02-Oct-2012 15:43:15 UTC] PHP Notice:  register_widget_control is <strong>deprecated</strong> since version 2.8! Use wp_register_widget_control() instead. in /wwwroot/swordschool/wp-includes/functions.php on line 2690
[02-Oct-2012 15:43:15 UTC] PHP Notice:  date_default_timezone_set(): Timezone ID '' is invalid in /wwwroot/swordschool/wp-content/plugins/google-calendar-weekly-timetable/google-calendar-weekly-timetable.php on line 409
[02-Oct-2012 15:43:15 UTC] PHP Notice:  Undefined variable: week_days in /wwwroot/swordschool/wp-content/plugins/google-calendar-weekly-timetable/google-calendar-weekly-timetable.php on line 454
[02-Oct-2012 15:43:15 UTC] PHP Notice:  Undefined variable: refresh_feed_key in /wwwroot/swordschool/wp-content/plugins/google-calendar-weekly-timetable/inc/gcwt-parser.php on line 50
[02-Oct-2012 15:43:15 UTC] PHP Warning:  ./cache is not writeable. Make sure you've set the correct relative or absolute path, and that the location is server-writable. in /wwwroot/swordschool/wp-includes/class-simplepie.php on line 1417
[02-Oct-2012 15:43:15 UTC] PHP Notice:  Undefined offset: 0 in /wwwroot/swordschool/wp-includes/class-simplepie.php on line 3019
[02-Oct-2012 15:43:15 UTC] PHP Notice:  Undefined offset: 5 in /wwwroot/swordschool/wp-content/plugins/google-calendar-weekly-timetable/inc/gcwt-parser.php on line 424
[02-Oct-2012 15:43:15 UTC] PHP Notice:  Undefined offset: 6 in /wwwroot/swordschool/wp-content/plugins/google-calendar-weekly-timetable/inc/gcwt-parser.php on line 424
[02-Oct-2012 15:43:15 UTC] PHP Notice:  Undefined offset: 5 in /wwwroot/swordschool/wp-content/plugins/google-calendar-weekly-timetable/inc/gcwt-parser.php on line 424
[02-Oct-2012 15:43:15 UTC] PHP Notice:  Undefined offset: 6 in /wwwroot/swordschool/wp-content/plugins/google-calendar-weekly-timetable/inc/gcwt-parser.php on line 424
[02-Oct-2012 15:45:52 UTC] PHP Notice:  register_sidebar_widget is <strong>deprecated</strong> since version 2.8! Use wp_register_sidebar_widget() instead. in /wwwroot/swordschool/wp-includes/functions.php on line 2690
[02-Oct-2012 15:45:52 UTC] PHP Notice:  register_widget_control is <strong>deprecated</strong> since version 2.8! Use wp_register_widget_control() instead. in /wwwroot/swordschool/wp-includes/functions.php on line 2690
[02-Oct-2012 15:45:52 UTC] PHP Notice:  date_default_timezone_set(): Timezone ID '' is invalid in /wwwroot/swordschool/wp-content/plugins/google-calendar-weekly-timetable/google-calendar-weekly-timetable.php on line 409
[02-Oct-2012 15:45:52 UTC] PHP Notice:  Undefined variable: week_days in /wwwroot/swordschool/wp-content/plugins/google-calendar-weekly-timetable/google-calendar-weekly-timetable.php on line 454
[02-Oct-2012 15:45:52 UTC] PHP Notice:  Undefined variable: refresh_feed_key in /wwwroot/swordschool/wp-content/plugins/google-calendar-weekly-timetable/inc/gcwt-parser.php on line 50
[02-Oct-2012 15:45:53 UTC] PHP Warning:  ./cache is not writeable. Make sure you've set the correct relative or absolute path, and that the location is server-writable. in /wwwroot/swordschool/wp-includes/class-simplepie.php on line 1417
[02-Oct-2012 15:45:53 UTC] PHP Notice:  Undefined offset: 0 in /wwwroot/swordschool/wp-includes/class-simplepie.php on line 3019
[02-Oct-2012 15:45:53 UTC] PHP Notice:  Undefined offset: 5 in /wwwroot/swordschool/wp-content/plugins/google-calendar-weekly-timetable/inc/gcwt-parser.php on line 424
[02-Oct-2012 15:45:53 UTC] PHP Notice:  Undefined offset: 6 in /wwwroot/swordschool/wp-content/plugins/google-calendar-weekly-timetable/inc/gcwt-parser.php on line 424
[02-Oct-2012 15:45:53 UTC] PHP Notice:  Undefined offset: 5 in /wwwroot/swordschool/wp-content/plugins/google-calendar-weekly-timetable/inc/gcwt-parser.php on line 424
[02-Oct-2012 15:45:53 UTC] PHP Notice:  Undefined offset: 6 in /wwwroot/swordschool/wp-content/plugins/google-calendar-weekly-timetable/inc/gcwt-parser.php on line 424
[02-Oct-2012 15:47:16 UTC] PHP Notice:  register_sidebar_widget is <strong>deprecated</strong> since version 2.8! Use wp_register_sidebar_widget() instead. in /wwwroot/swordschool/wp-includes/functions.php on line 2690
[02-Oct-2012 15:47:16 UTC] PHP Notice:  register_widget_control is <strong>deprecated</strong> since version 2.8! Use wp_register_widget_control() instead. in /wwwroot/swordschool/wp-includes/functions.php on line 2690
[02-Oct-2012 15:47:16 UTC] PHP Notice:  date_default_timezone_set(): Timezone ID '' is invalid in /wwwroot/swordschool/wp-content/plugins/google-calendar-weekly-timetable/google-calendar-weekly-timetable.php on line 409
[02-Oct-2012 15:47:16 UTC] PHP Notice:  Undefined variable: week_days in /wwwroot/swordschool/wp-content/plugins/google-calendar-weekly-timetable/google-calendar-weekly-timetable.php on line 454
[02-Oct-2012 15:47:16 UTC] PHP Notice:  Undefined variable: refresh_feed_key in /wwwroot/swordschool/wp-content/plugins/google-calendar-weekly-timetable/inc/gcwt-parser.php on line 50
[02-Oct-2012 15:47:16 UTC] PHP Warning:  ./cache is not writeable. Make sure you've set the correct relative or absolute path, and that the location is server-writable. in /wwwroot/swordschool/wp-includes/class-simplepie.php on line 1417
[02-Oct-2012 15:47:16 UTC] PHP Notice:  Undefined offset: 0 in /wwwroot/swordschool/wp-includes/class-simplepie.php on line 3019
[02-Oct-2012 15:47:16 UTC] PHP Notice:  Undefined offset: 5 in /wwwroot/swordschool/wp-content/plugins/google-calendar-weekly-timetable/inc/gcwt-parser.php on line 424
[02-Oct-2012 15:47:16 UTC] PHP Notice:  Undefined offset: 6 in /wwwroot/swordschool/wp-content/plugins/google-calendar-weekly-timetable/inc/gcwt-parser.php on line 424
[02-Oct-2012 15:47:16 UTC] PHP Notice:  Undefined offset: 5 in /wwwroot/swordschool/wp-content/plugins/google-calendar-weekly-timetable/inc/gcwt-parser.php on line 424
[02-Oct-2012 15:47:16 UTC] PHP Notice:  Undefined offset: 6 in /wwwroot/swordschool/wp-content/plugins/google-calendar-weekly-timetable/inc/gcwt-parser.php on line 424
[02-Oct-2012 15:48:43 UTC] PHP Notice:  register_sidebar_widget is <strong>deprecated</strong> since version 2.8! Use wp_register_sidebar_widget() instead. in /wwwroot/swordschool/wp-includes/functions.php on line 2690
[02-Oct-2012 15:48:43 UTC] PHP Notice:  register_widget_control is <strong>deprecated</strong> since version 2.8! Use wp_register_widget_control() instead. in /wwwroot/swordschool/wp-includes/functions.php on line 2690
[02-Oct-2012 15:48:43 UTC] PHP Notice:  date_default_timezone_set(): Timezone ID '' is invalid in /wwwroot/swordschool/wp-content/plugins/google-calendar-weekly-timetable/google-calendar-weekly-timetable.php on line 409
[02-Oct-2012 15:48:43 UTC] PHP Notice:  Undefined variable: week_days in /wwwroot/swordschool/wp-content/plugins/google-calendar-weekly-timetable/google-calendar-weekly-timetable.php on line 454
[02-Oct-2012 15:48:43 UTC] PHP Notice:  Undefined variable: refresh_feed_key in /wwwroot/swordschool/wp-content/plugins/google-calendar-weekly-timetable/inc/gcwt-parser.php on line 50
[02-Oct-2012 15:48:44 UTC] PHP Warning:  ./cache is not writeable. Make sure you've set the correct relative or absolute path, and that the location is server-writable. in /wwwroot/swordschool/wp-includes/class-simplepie.php on line 1417
[02-Oct-2012 15:48:44 UTC] PHP Notice:  Undefined offset: 0 in /wwwroot/swordschool/wp-includes/class-simplepie.php on line 3019
[02-Oct-2012 15:48:44 UTC] PHP Notice:  Undefined offset: 5 in /wwwroot/swordschool/wp-content/plugins/google-calendar-weekly-timetable/inc/gcwt-parser.php on line 424
[02-Oct-2012 15:48:44 UTC] PHP Notice:  Undefined offset: 6 in /wwwroot/swordschool/wp-content/plugins/google-calendar-weekly-timetable/inc/gcwt-parser.php on line 424
[02-Oct-2012 15:48:44 UTC] PHP Notice:  Undefined offset: 5 in /wwwroot/swordschool/wp-content/plugins/google-calendar-weekly-timetable/inc/gcwt-parser.php on line 424
[02-Oct-2012 15:48:44 UTC] PHP Notice:  Undefined offset: 6 in /wwwroot/swordschool/wp-content/plugins/google-calendar-weekly-timetable/inc/gcwt-parser.php on line 424
[02-Oct-2012 15:51:36 UTC] PHP Notice:  register_sidebar_widget is <strong>deprecated</strong> since version 2.8! Use wp_register_sidebar_widget() instead. in /wwwroot/swordschool/wp-includes/functions.php on line 2690
[02-Oct-2012 15:51:36 UTC] PHP Notice:  register_widget_control is <strong>deprecated</strong> since version 2.8! Use wp_register_widget_control() instead. in /wwwroot/swordschool/wp-includes/functions.php on line 2690
[02-Oct-2012 15:51:36 UTC] PHP Notice:  date_default_timezone_set(): Timezone ID '' is invalid in /wwwroot/swordschool/wp-content/plugins/google-calendar-weekly-timetable/google-calendar-weekly-timetable.php on line 409
[02-Oct-2012 15:51:36 UTC] PHP Notice:  Undefined variable: week_days in /wwwroot/swordschool/wp-content/plugins/google-calendar-weekly-timetable/google-calendar-weekly-timetable.php on line 454
[02-Oct-2012 15:51:36 UTC] PHP Notice:  Undefined variable: refresh_feed_key in /wwwroot/swordschool/wp-content/plugins/google-calendar-weekly-timetable/inc/gcwt-parser.php on line 50
[02-Oct-2012 15:51:37 UTC] PHP Warning:  ./cache is not writeable. Make sure you've set the correct relative or absolute path, and that the location is server-writable. in /wwwroot/swordschool/wp-includes/class-simplepie.php on line 1417
[02-Oct-2012 15:51:37 UTC] PHP Notice:  Undefined offset: 0 in /wwwroot/swordschool/wp-includes/class-simplepie.php on line 3019
[02-Oct-2012 15:51:37 UTC] PHP Notice:  Undefined offset: 5 in /wwwroot/swordschool/wp-content/plugins/google-calendar-weekly-timetable/inc/gcwt-parser.php on line 424
[02-Oct-2012 15:51:37 UTC] PHP Notice:  Undefined offset: 6 in /wwwroot/swordschool/wp-content/plugins/google-calendar-weekly-timetable/inc/gcwt-parser.php on line 424
[02-Oct-2012 15:51:37 UTC] PHP Notice:  Undefined offset: 5 in /wwwroot/swordschool/wp-content/plugins/google-calendar-weekly-timetable/inc/gcwt-parser.php on line 424
[02-Oct-2012 15:51:37 UTC] PHP Notice:  Undefined offset: 6 in /wwwroot/swordschool/wp-content/plugins/google-calendar-weekly-timetable/inc/gcwt-parser.php on line 424
[02-Oct-2012 15:54:40 UTC] PHP Notice:  register_sidebar_widget is <strong>deprecated</strong> since version 2.8! Use wp_register_sidebar_widget() instead. in /wwwroot/swordschool/wp-includes/functions.php on line 2690
[02-Oct-2012 15:54:40 UTC] PHP Notice:  register_widget_control is <strong>deprecated</strong> since version 2.8! Use wp_register_widget_control() instead. in /wwwroot/swordschool/wp-includes/functions.php on line 2690
[02-Oct-2012 15:54:40 UTC] PHP Notice:  date_default_timezone_set(): Timezone ID '' is invalid in /wwwroot/swordschool/wp-content/plugins/google-calendar-weekly-timetable/google-calendar-weekly-timetable.php on line 409
[02-Oct-2012 15:54:40 UTC] PHP Notice:  Undefined variable: week_days in /wwwroot/swordschool/wp-content/plugins/google-calendar-weekly-timetable/google-calendar-weekly-timetable.php on line 454
[02-Oct-2012 15:54:41 UTC] PHP Notice:  Undefined variable: refresh_feed_key in /wwwroot/swordschool/wp-content/plugins/google-calendar-weekly-timetable/inc/gcwt-parser.php on line 50
[02-Oct-2012 15:54:41 UTC] PHP Warning:  ./cache is not writeable. Make sure you've set the correct relative or absolute path, and that the location is server-writable. in /wwwroot/swordschool/wp-includes/class-simplepie.php on line 1417
[02-Oct-2012 15:54:41 UTC] PHP Notice:  Undefined offset: 0 in /wwwroot/swordschool/wp-includes/class-simplepie.php on line 3019
[02-Oct-2012 15:54:41 UTC] PHP Notice:  Undefined offset: 5 in /wwwroot/swordschool/wp-content/plugins/google-calendar-weekly-timetable/inc/gcwt-parser.php on line 424
[02-Oct-2012 15:54:41 UTC] PHP Notice:  Undefined offset: 6 in /wwwroot/swordschool/wp-content/plugins/google-calendar-weekly-timetable/inc/gcwt-parser.php on line 424
[02-Oct-2012 15:54:41 UTC] PHP Notice:  Undefined offset: 5 in /wwwroot/swordschool/wp-content/plugins/google-calendar-weekly-timetable/inc/gcwt-parser.php on line 424
[02-Oct-2012 15:54:41 UTC] PHP Notice:  Undefined offset: 6 in /wwwroot/swordschool/wp-content/plugins/google-calendar-weekly-timetable/inc/gcwt-parser.php on line 424
[02-Oct-2012 15:55:28 UTC] PHP Notice:  register_sidebar_widget is <strong>deprecated</strong> since version 2.8! Use wp_register_sidebar_widget() instead. in /wwwroot/swordschool/wp-includes/functions.php on line 2690
[02-Oct-2012 15:55:28 UTC] PHP Notice:  register_widget_control is <strong>deprecated</strong> since version 2.8! Use wp_register_widget_control() instead. in /wwwroot/swordschool/wp-includes/functions.php on line 2690
[02-Oct-2012 15:55:28 UTC] PHP Notice:  date_default_timezone_set(): Timezone ID '' is invalid in /wwwroot/swordschool/wp-content/plugins/google-calendar-weekly-timetable/google-calendar-weekly-timetable.php on line 409
[02-Oct-2012 15:55:28 UTC] PHP Notice:  Undefined variable: week_days in /wwwroot/swordschool/wp-content/plugins/google-calendar-weekly-timetable/google-calendar-weekly-timetable.php on line 454
[02-Oct-2012 15:55:28 UTC] PHP Notice:  Undefined variable: refresh_feed_key in /wwwroot/swordschool/wp-content/plugins/google-calendar-weekly-timetable/inc/gcwt-parser.php on line 50
[02-Oct-2012 15:55:28 UTC] PHP Warning:  ./cache is not writeable. Make sure you've set the correct relative or absolute path, and that the location is server-writable. in /wwwroot/swordschool/wp-includes/class-simplepie.php on line 1417
[02-Oct-2012 15:55:28 UTC] PHP Notice:  Undefined offset: 0 in /wwwroot/swordschool/wp-includes/class-simplepie.php on line 3019
[02-Oct-2012 15:55:28 UTC] PHP Notice:  Undefined offset: 5 in /wwwroot/swordschool/wp-content/plugins/google-calendar-weekly-timetable/inc/gcwt-parser.php on line 424
[02-Oct-2012 15:55:28 UTC] PHP Notice:  Undefined offset: 6 in /wwwroot/swordschool/wp-content/plugins/google-calendar-weekly-timetable/inc/gcwt-parser.php on line 424
[02-Oct-2012 15:55:28 UTC] PHP Notice:  Undefined offset: 5 in /wwwroot/swordschool/wp-content/plugins/google-calendar-weekly-timetable/inc/gcwt-parser.php on line 424
[02-Oct-2012 15:55:28 UTC] PHP Notice:  Undefined offset: 6 in /wwwroot/swordschool/wp-content/plugins/google-calendar-weekly-timetable/inc/gcwt-parser.php on line 424
[02-Oct-2012 15:58:12 UTC] PHP Notice:  register_sidebar_widget is <strong>deprecated</strong> since version 2.8! Use wp_register_sidebar_widget() instead. in /wwwroot/swordschool/wp-includes/functions.php on line 2690
[02-Oct-2012 15:58:12 UTC] PHP Notice:  register_widget_control is <strong>deprecated</strong> since version 2.8! Use wp_register_widget_control() instead. in /wwwroot/swordschool/wp-includes/functions.php on line 2690
[02-Oct-2012 15:58:12 UTC] PHP Notice:  Use of undefined constant fetch_children_pages - assumed 'fetch_children_pages' in /wwwroot/swordschool/wp-content/plugins/anchors-menu/anchors-menu.php on line 76
[02-Oct-2012 15:58:12 UTC] PHP Notice:  date_default_timezone_set(): Timezone ID '' is invalid in /wwwroot/swordschool/wp-content/plugins/google-calendar-weekly-timetable/google-calendar-weekly-timetable.php on line 409
[02-Oct-2012 15:58:12 UTC] PHP Notice:  Undefined variable: week_days in /wwwroot/swordschool/wp-content/plugins/google-calendar-weekly-timetable/google-calendar-weekly-timetable.php on line 454
[02-Oct-2012 15:58:12 UTC] PHP Notice:  Undefined variable: refresh_feed_key in /wwwroot/swordschool/wp-content/plugins/google-calendar-weekly-timetable/inc/gcwt-parser.php on line 50
[02-Oct-2012 15:58:12 UTC] PHP Warning:  ./cache is not writeable. Make sure you've set the correct relative or absolute path, and that the location is server-writable. in /wwwroot/swordschool/wp-includes/class-simplepie.php on line 1417
[02-Oct-2012 15:58:12 UTC] PHP Notice:  Undefined offset: 0 in /wwwroot/swordschool/wp-includes/class-simplepie.php on line 3019
[02-Oct-2012 15:58:12 UTC] PHP Notice:  Undefined offset: 5 in /wwwroot/swordschool/wp-content/plugins/google-calendar-weekly-timetable/inc/gcwt-parser.php on line 424
[02-Oct-2012 15:58:12 UTC] PHP Notice:  Undefined offset: 6 in /wwwroot/swordschool/wp-content/plugins/google-calendar-weekly-timetable/inc/gcwt-parser.php on line 424
[02-Oct-2012 15:58:12 UTC] PHP Notice:  Undefined offset: 5 in /wwwroot/swordschool/wp-content/plugins/google-calendar-weekly-timetable/inc/gcwt-parser.php on line 424
[02-Oct-2012 15:58:12 UTC] PHP Notice:  Undefined offset: 6 in /wwwroot/swordschool/wp-content/plugins/google-calendar-weekly-timetable/inc/gcwt-parser.php on line 424
[02-Oct-2012 15:59:15 UTC] PHP Notice:  register_sidebar_widget is <strong>deprecated</strong> since version 2.8! Use wp_register_sidebar_widget() instead. in /wwwroot/swordschool/wp-includes/functions.php on line 2690
[02-Oct-2012 15:59:15 UTC] PHP Notice:  register_widget_control is <strong>deprecated</strong> since version 2.8! Use wp_register_widget_control() instead. in /wwwroot/swordschool/wp-includes/functions.php on line 2690
[02-Oct-2012 15:59:15 UTC] PHP Notice:  Use of undefined constant fetch_children_pages - assumed 'fetch_children_pages' in /wwwroot/swordschool/wp-content/plugins/anchors-menu/anchors-menu.php on line 76
[02-Oct-2012 15:59:15 UTC] PHP Notice:  date_default_timezone_set(): Timezone ID '' is invalid in /wwwroot/swordschool/wp-content/plugins/google-calendar-weekly-timetable/google-calendar-weekly-timetable.php on line 409
[02-Oct-2012 15:59:15 UTC] PHP Notice:  Undefined variable: week_days in /wwwroot/swordschool/wp-content/plugins/google-calendar-weekly-timetable/google-calendar-weekly-timetable.php on line 454
[02-Oct-2012 15:59:15 UTC] PHP Notice:  Undefined variable: refresh_feed_key in /wwwroot/swordschool/wp-content/plugins/google-calendar-weekly-timetable/inc/gcwt-parser.php on line 50
[02-Oct-2012 15:59:15 UTC] PHP Warning:  ./cache is not writeable. Make sure you've set the correct relative or absolute path, and that the location is server-writable. in /wwwroot/swordschool/wp-includes/class-simplepie.php on line 1417
[02-Oct-2012 15:59:15 UTC] PHP Notice:  Undefined offset: 0 in /wwwroot/swordschool/wp-includes/class-simplepie.php on line 3019
[02-Oct-2012 15:59:15 UTC] PHP Notice:  Undefined offset: 5 in /wwwroot/swordschool/wp-content/plugins/google-calendar-weekly-timetable/inc/gcwt-parser.php on line 424
[02-Oct-2012 15:59:15 UTC] PHP Notice:  Undefined offset: 6 in /wwwroot/swordschool/wp-content/plugins/google-calendar-weekly-timetable/inc/gcwt-parser.php on line 424
[02-Oct-2012 15:59:15 UTC] PHP Notice:  Undefined offset: 5 in /wwwroot/swordschool/wp-content/plugins/google-calendar-weekly-timetable/inc/gcwt-parser.php on line 424
[02-Oct-2012 15:59:15 UTC] PHP Notice:  Undefined offset: 6 in /wwwroot/swordschool/wp-content/plugins/google-calendar-weekly-timetable/inc/gcwt-parser.php on line 424
[02-Oct-2012 15:59:47 UTC] PHP Notice:  register_sidebar_widget is <strong>deprecated</strong> since version 2.8! Use wp_register_sidebar_widget() instead. in /wwwroot/swordschool/wp-includes/functions.php on line 2690
[02-Oct-2012 15:59:47 UTC] PHP Notice:  register_widget_control is <strong>deprecated</strong> since version 2.8! Use wp_register_widget_control() instead. in /wwwroot/swordschool/wp-includes/functions.php on line 2690
[02-Oct-2012 15:59:47 UTC] PHP Notice:  Use of undefined constant fetch_children_pages - assumed 'fetch_children_pages' in /wwwroot/swordschool/wp-content/plugins/anchors-menu/anchors-menu.php on line 76
[02-Oct-2012 15:59:47 UTC] PHP Notice:  date_default_timezone_set(): Timezone ID '' is invalid in /wwwroot/swordschool/wp-content/plugins/google-calendar-weekly-timetable/google-calendar-weekly-timetable.php on line 409
[02-Oct-2012 15:59:47 UTC] PHP Notice:  Undefined variable: week_days in /wwwroot/swordschool/wp-content/plugins/google-calendar-weekly-timetable/google-calendar-weekly-timetable.php on line 454
[02-Oct-2012 15:59:47 UTC] PHP Notice:  Undefined variable: refresh_feed_key in /wwwroot/swordschool/wp-content/plugins/google-calendar-weekly-timetable/inc/gcwt-parser.php on line 50
[02-Oct-2012 15:59:47 UTC] PHP Warning:  ./cache is not writeable. Make sure you've set the correct relative or absolute path, and that the location is server-writable. in /wwwroot/swordschool/wp-includes/class-simplepie.php on line 1417
[02-Oct-2012 15:59:47 UTC] PHP Notice:  Undefined offset: 0 in /wwwroot/swordschool/wp-includes/class-simplepie.php on line 3019
[02-Oct-2012 15:59:47 UTC] PHP Notice:  Undefined offset: 5 in /wwwroot/swordschool/wp-content/plugins/google-calendar-weekly-timetable/inc/gcwt-parser.php on line 424
[02-Oct-2012 15:59:47 UTC] PHP Notice:  Undefined offset: 6 in /wwwroot/swordschool/wp-content/plugins/google-calendar-weekly-timetable/inc/gcwt-parser.php on line 424
[02-Oct-2012 15:59:47 UTC] PHP Notice:  Undefined offset: 5 in /wwwroot/swordschool/wp-content/plugins/google-calendar-weekly-timetable/inc/gcwt-parser.php on line 424
[02-Oct-2012 15:59:47 UTC] PHP Notice:  Undefined offset: 6 in /wwwroot/swordschool/wp-content/plugins/google-calendar-weekly-timetable/inc/gcwt-parser.php on line 424
[02-Oct-2012 16:12:01 UTC] PHP Notice:  register_sidebar_widget is <strong>deprecated</strong> since version 2.8! Use wp_register_sidebar_widget() instead. in /wwwroot/swordschool/wp-includes/functions.php on line 2690
[02-Oct-2012 16:12:01 UTC] PHP Notice:  register_widget_control is <strong>deprecated</strong> since version 2.8! Use wp_register_widget_control() instead. in /wwwroot/swordschool/wp-includes/functions.php on line 2690
[02-Oct-2012 16:12:01 UTC] PHP Notice:  date_default_timezone_set(): Timezone ID '' is invalid in /wwwroot/swordschool/wp-content/plugins/google-calendar-weekly-timetable/google-calendar-weekly-timetable.php on line 409
[02-Oct-2012 16:12:01 UTC] PHP Notice:  Undefined variable: week_days in /wwwroot/swordschool/wp-content/plugins/google-calendar-weekly-timetable/google-calendar-weekly-timetable.php on line 454
[02-Oct-2012 16:12:01 UTC] PHP Notice:  Undefined variable: refresh_feed_key in /wwwroot/swordschool/wp-content/plugins/google-calendar-weekly-timetable/inc/gcwt-parser.php on line 50
[02-Oct-2012 16:12:02 UTC] PHP Warning:  ./cache is not writeable. Make sure you've set the correct relative or absolute path, and that the location is server-writable. in /wwwroot/swordschool/wp-includes/class-simplepie.php on line 1417
[02-Oct-2012 16:12:02 UTC] PHP Notice:  Undefined offset: 0 in /wwwroot/swordschool/wp-includes/class-simplepie.php on line 3019
[02-Oct-2012 16:12:02 UTC] PHP Notice:  Undefined offset: 5 in /wwwroot/swordschool/wp-content/plugins/google-calendar-weekly-timetable/inc/gcwt-parser.php on line 424
[02-Oct-2012 16:12:02 UTC] PHP Notice:  Undefined offset: 6 in /wwwroot/swordschool/wp-content/plugins/google-calendar-weekly-timetable/inc/gcwt-parser.php on line 424
[02-Oct-2012 16:12:02 UTC] PHP Notice:  Undefined offset: 5 in /wwwroot/swordschool/wp-content/plugins/google-calendar-weekly-timetable/inc/gcwt-parser.php on line 424
[02-Oct-2012 16:12:02 UTC] PHP Notice:  Undefined offset: 6 in /wwwroot/swordschool/wp-content/plugins/google-calendar-weekly-timetable/inc/gcwt-parser.php on line 424
[02-Oct-2012 16:12:25 UTC] PHP Notice:  register_sidebar_widget is <strong>deprecated</strong> since version 2.8! Use wp_register_sidebar_widget() instead. in /wwwroot/swordschool/wp-includes/functions.php on line 2690
[02-Oct-2012 16:12:25 UTC] PHP Notice:  register_widget_control is <strong>deprecated</strong> since version 2.8! Use wp_register_widget_control() instead. in /wwwroot/swordschool/wp-includes/functions.php on line 2690
[02-Oct-2012 16:12:25 UTC] PHP Notice:  date_default_timezone_set(): Timezone ID '' is invalid in /wwwroot/swordschool/wp-content/plugins/google-calendar-weekly-timetable/google-calendar-weekly-timetable.php on line 409
[02-Oct-2012 16:12:25 UTC] PHP Notice:  Undefined variable: week_days in /wwwroot/swordschool/wp-content/plugins/google-calendar-weekly-timetable/google-calendar-weekly-timetable.php on line 454
[02-Oct-2012 16:12:25 UTC] PHP Notice:  Undefined variable: refresh_feed_key in /wwwroot/swordschool/wp-content/plugins/google-calendar-weekly-timetable/inc/gcwt-parser.php on line 50
[02-Oct-2012 16:12:26 UTC] PHP Warning:  ./cache is not writeable. Make sure you've set the correct relative or absolute path, and that the location is server-writable. in /wwwroot/swordschool/wp-includes/class-simplepie.php on line 1417
[02-Oct-2012 16:12:26 UTC] PHP Notice:  Undefined offset: 0 in /wwwroot/swordschool/wp-includes/class-simplepie.php on line 3019
[02-Oct-2012 16:12:26 UTC] PHP Notice:  Undefined offset: 5 in /wwwroot/swordschool/wp-content/plugins/google-calendar-weekly-timetable/inc/gcwt-parser.php on line 424
[02-Oct-2012 16:12:26 UTC] PHP Notice:  Undefined offset: 6 in /wwwroot/swordschool/wp-content/plugins/google-calendar-weekly-timetable/inc/gcwt-parser.php on line 424
[02-Oct-2012 16:12:26 UTC] PHP Notice:  Undefined offset: 5 in /wwwroot/swordschool/wp-content/plugins/google-calendar-weekly-timetable/inc/gcwt-parser.php on line 424
[02-Oct-2012 16:12:26 UTC] PHP Notice:  Undefined offset: 6 in /wwwroot/swordschool/wp-content/plugins/google-calendar-weekly-timetable/inc/gcwt-parser.php on line 424
[02-Oct-2012 16:12:47 UTC] PHP Notice:  register_sidebar_widget is <strong>deprecated</strong> since version 2.8! Use wp_register_sidebar_widget() instead. in /wwwroot/swordschool/wp-includes/functions.php on line 2690
[02-Oct-2012 16:12:47 UTC] PHP Notice:  register_widget_control is <strong>deprecated</strong> since version 2.8! Use wp_register_widget_control() instead. in /wwwroot/swordschool/wp-includes/functions.php on line 2690
[02-Oct-2012 16:12:47 UTC] PHP Notice:  date_default_timezone_set(): Timezone ID '' is invalid in /wwwroot/swordschool/wp-content/plugins/google-calendar-weekly-timetable/google-calendar-weekly-timetable.php on line 409
[02-Oct-2012 16:12:47 UTC] PHP Notice:  Undefined variable: week_days in /wwwroot/swordschool/wp-content/plugins/google-calendar-weekly-timetable/google-calendar-weekly-timetable.php on line 454
[02-Oct-2012 16:12:47 UTC] PHP Notice:  Undefined variable: refresh_feed_key in /wwwroot/swordschool/wp-content/plugins/google-calendar-weekly-timetable/inc/gcwt-parser.php on line 50
[02-Oct-2012 16:12:47 UTC] PHP Warning:  ./cache is not writeable. Make sure you've set the correct relative or absolute path, and that the location is server-writable. in /wwwroot/swordschool/wp-includes/class-simplepie.php on line 1417
[02-Oct-2012 16:12:47 UTC] PHP Notice:  Undefined offset: 0 in /wwwroot/swordschool/wp-includes/class-simplepie.php on line 3019
[02-Oct-2012 16:12:47 UTC] PHP Notice:  Undefined offset: 5 in /wwwroot/swordschool/wp-content/plugins/google-calendar-weekly-timetable/inc/gcwt-parser.php on line 424
[02-Oct-2012 16:12:47 UTC] PHP Notice:  Undefined offset: 6 in /wwwroot/swordschool/wp-content/plugins/google-calendar-weekly-timetable/inc/gcwt-parser.php on line 424
[02-Oct-2012 16:12:47 UTC] PHP Notice:  Undefined offset: 5 in /wwwroot/swordschool/wp-content/plugins/google-calendar-weekly-timetable/inc/gcwt-parser.php on line 424
[02-Oct-2012 16:12:47 UTC] PHP Notice:  Undefined offset: 6 in /wwwroot/swordschool/wp-content/plugins/google-calendar-weekly-timetable/inc/gcwt-parser.php on line 424
[02-Oct-2012 16:14:54 UTC] PHP Notice:  register_sidebar_widget is <strong>deprecated</strong> since version 2.8! Use wp_register_sidebar_widget() instead. in /wwwroot/swordschool/wp-includes/functions.php on line 2690
[02-Oct-2012 16:14:54 UTC] PHP Notice:  register_widget_control is <strong>deprecated</strong> since version 2.8! Use wp_register_widget_control() instead. in /wwwroot/swordschool/wp-includes/functions.php on line 2690
[02-Oct-2012 16:14:54 UTC] PHP Notice:  date_default_timezone_set(): Timezone ID '' is invalid in /wwwroot/swordschool/wp-content/plugins/google-calendar-weekly-timetable/google-calendar-weekly-timetable.php on line 409
[02-Oct-2012 16:14:54 UTC] PHP Notice:  Undefined variable: week_days in /wwwroot/swordschool/wp-content/plugins/google-calendar-weekly-timetable/google-calendar-weekly-timetable.php on line 454
[02-Oct-2012 16:14:54 UTC] PHP Notice:  Undefined variable: refresh_feed_key in /wwwroot/swordschool/wp-content/plugins/google-calendar-weekly-timetable/inc/gcwt-parser.php on line 50
[02-Oct-2012 16:14:54 UTC] PHP Warning:  ./cache is not writeable. Make sure you've set the correct relative or absolute path, and that the location is server-writable. in /wwwroot/swordschool/wp-includes/class-simplepie.php on line 1417
[02-Oct-2012 16:14:54 UTC] PHP Notice:  Undefined offset: 0 in /wwwroot/swordschool/wp-includes/class-simplepie.php on line 3019
[02-Oct-2012 16:14:54 UTC] PHP Notice:  Undefined offset: 5 in /wwwroot/swordschool/wp-content/plugins/google-calendar-weekly-timetable/inc/gcwt-parser.php on line 424
[02-Oct-2012 16:14:54 UTC] PHP Notice:  Undefined offset: 6 in /wwwroot/swordschool/wp-content/plugins/google-calendar-weekly-timetable/inc/gcwt-parser.php on line 424
[02-Oct-2012 16:14:54 UTC] PHP Notice:  Undefined offset: 5 in /wwwroot/swordschool/wp-content/plugins/google-calendar-weekly-timetable/inc/gcwt-parser.php on line 424
[02-Oct-2012 16:14:54 UTC] PHP Notice:  Undefined offset: 6 in /wwwroot/swordschool/wp-content/plugins/google-calendar-weekly-timetable/inc/gcwt-parser.php on line 424
[02-Oct-2012 16:15:43 UTC] PHP Notice:  register_sidebar_widget is <strong>deprecated</strong> since version 2.8! Use wp_register_sidebar_widget() instead. in /wwwroot/swordschool/wp-includes/functions.php on line 2690
[02-Oct-2012 16:15:43 UTC] PHP Notice:  register_widget_control is <strong>deprecated</strong> since version 2.8! Use wp_register_widget_control() instead. in /wwwroot/swordschool/wp-includes/functions.php on line 2690
[02-Oct-2012 16:15:43 UTC] PHP Notice:  date_default_timezone_set(): Timezone ID '' is invalid in /wwwroot/swordschool/wp-content/plugins/google-calendar-weekly-timetable/google-calendar-weekly-timetable.php on line 409
[02-Oct-2012 16:15:43 UTC] PHP Notice:  Undefined variable: week_days in /wwwroot/swordschool/wp-content/plugins/google-calendar-weekly-timetable/google-calendar-weekly-timetable.php on line 454
[02-Oct-2012 16:15:43 UTC] PHP Notice:  Undefined variable: refresh_feed_key in /wwwroot/swordschool/wp-content/plugins/google-calendar-weekly-timetable/inc/gcwt-parser.php on line 50
[02-Oct-2012 16:15:43 UTC] PHP Warning:  ./cache is not writeable. Make sure you've set the correct relative or absolute path, and that the location is server-writable. in /wwwroot/swordschool/wp-includes/class-simplepie.php on line 1417
[02-Oct-2012 16:15:43 UTC] PHP Notice:  Undefined offset: 0 in /wwwroot/swordschool/wp-includes/class-simplepie.php on line 3019
[02-Oct-2012 16:15:43 UTC] PHP Notice:  Undefined offset: 5 in /wwwroot/swordschool/wp-content/plugins/google-calendar-weekly-timetable/inc/gcwt-parser.php on line 424
[02-Oct-2012 16:15:43 UTC] PHP Notice:  Undefined offset: 6 in /wwwroot/swordschool/wp-content/plugins/google-calendar-weekly-timetable/inc/gcwt-parser.php on line 424
[02-Oct-2012 16:15:43 UTC] PHP Notice:  Undefined offset: 5 in /wwwroot/swordschool/wp-content/plugins/google-calendar-weekly-timetable/inc/gcwt-parser.php on line 424
[02-Oct-2012 16:15:43 UTC] PHP Notice:  Undefined offset: 6 in /wwwroot/swordschool/wp-content/plugins/google-calendar-weekly-timetable/inc/gcwt-parser.php on line 424
[02-Oct-2012 16:16:18 UTC] PHP Notice:  register_sidebar_widget is <strong>deprecated</strong> since version 2.8! Use wp_register_sidebar_widget() instead. in /wwwroot/swordschool/wp-includes/functions.php on line 2690
[02-Oct-2012 16:16:18 UTC] PHP Notice:  register_widget_control is <strong>deprecated</strong> since version 2.8! Use wp_register_widget_control() instead. in /wwwroot/swordschool/wp-includes/functions.php on line 2690
[02-Oct-2012 16:16:47 UTC] PHP Notice:  register_sidebar_widget is <strong>deprecated</strong> since version 2.8! Use wp_register_sidebar_widget() instead. in /wwwroot/swordschool/wp-includes/functions.php on line 2690
[02-Oct-2012 16:16:47 UTC] PHP Notice:  register_widget_control is <strong>deprecated</strong> since version 2.8! Use wp_register_widget_control() instead. in /wwwroot/swordschool/wp-includes/functions.php on line 2690
[02-Oct-2012 16:18:05 UTC] PHP Notice:  register_sidebar_widget is <strong>deprecated</strong> since version 2.8! Use wp_register_sidebar_widget() instead. in /wwwroot/swordschool/wp-includes/functions.php on line 2690
[02-Oct-2012 16:18:05 UTC] PHP Notice:  register_widget_control is <strong>deprecated</strong> since version 2.8! Use wp_register_widget_control() instead. in /wwwroot/swordschool/wp-includes/functions.php on line 2690
[02-Oct-2012 16:18:19 UTC] PHP Notice:  register_sidebar_widget is <strong>deprecated</strong> since version 2.8! Use wp_register_sidebar_widget() instead. in /wwwroot/swordschool/wp-includes/functions.php on line 2690
[02-Oct-2012 16:18:19 UTC] PHP Notice:  register_widget_control is <strong>deprecated</strong> since version 2.8! Use wp_register_widget_control() instead. in /wwwroot/swordschool/wp-includes/functions.php on line 2690
[02-Oct-2012 16:21:18 UTC] PHP Notice:  register_sidebar_widget is <strong>deprecated</strong> since version 2.8! Use wp_register_sidebar_widget() instead. in /wwwroot/swordschool/wp-includes/functions.php on line 2690
[02-Oct-2012 16:21:18 UTC] PHP Notice:  register_widget_control is <strong>deprecated</strong> since version 2.8! Use wp_register_widget_control() instead. in /wwwroot/swordschool/wp-includes/functions.php on line 2690
[02-Oct-2012 16:23:50 UTC] PHP Notice:  register_sidebar_widget is <strong>deprecated</strong> since version 2.8! Use wp_register_sidebar_widget() instead. in /wwwroot/swordschool/wp-includes/functions.php on line 2690
[02-Oct-2012 16:23:50 UTC] PHP Notice:  register_widget_control is <strong>deprecated</strong> since version 2.8! Use wp_register_widget_control() instead. in /wwwroot/swordschool/wp-includes/functions.php on line 2690
[02-Oct-2012 16:23:58 UTC] PHP Notice:  register_sidebar_widget is <strong>deprecated</strong> since version 2.8! Use wp_register_sidebar_widget() instead. in /wwwroot/swordschool/wp-includes/functions.php on line 2690
[02-Oct-2012 16:23:58 UTC] PHP Notice:  register_widget_control is <strong>deprecated</strong> since version 2.8! Use wp_register_widget_control() instead. in /wwwroot/swordschool/wp-includes/functions.php on line 2690
[02-Oct-2012 16:23:58 UTC] PHP Notice:  date_default_timezone_set(): Timezone ID '' is invalid in /wwwroot/swordschool/wp-content/plugins/google-calendar-weekly-timetable/google-calendar-weekly-timetable.php on line 409
[02-Oct-2012 16:23:58 UTC] PHP Notice:  Undefined variable: week_days in /wwwroot/swordschool/wp-content/plugins/google-calendar-weekly-timetable/google-calendar-weekly-timetable.php on line 454
[02-Oct-2012 16:23:58 UTC] PHP Notice:  Undefined variable: refresh_feed_key in /wwwroot/swordschool/wp-content/plugins/google-calendar-weekly-timetable/inc/gcwt-parser.php on line 50
[02-Oct-2012 16:23:59 UTC] PHP Warning:  ./cache is not writeable. Make sure you've set the correct relative or absolute path, and that the location is server-writable. in /wwwroot/swordschool/wp-includes/class-simplepie.php on line 1417
[02-Oct-2012 16:23:59 UTC] PHP Notice:  Undefined offset: 0 in /wwwroot/swordschool/wp-includes/class-simplepie.php on line 3019
[02-Oct-2012 16:23:59 UTC] PHP Notice:  Undefined offset: 5 in /wwwroot/swordschool/wp-content/plugins/google-calendar-weekly-timetable/inc/gcwt-parser.php on line 424
[02-Oct-2012 16:23:59 UTC] PHP Notice:  Undefined offset: 6 in /wwwroot/swordschool/wp-content/plugins/google-calendar-weekly-timetable/inc/gcwt-parser.php on line 424
[02-Oct-2012 16:23:59 UTC] PHP Notice:  Undefined offset: 5 in /wwwroot/swordschool/wp-content/plugins/google-calendar-weekly-timetable/inc/gcwt-parser.php on line 424
[02-Oct-2012 16:23:59 UTC] PHP Notice:  Undefined offset: 6 in /wwwroot/swordschool/wp-content/plugins/google-calendar-weekly-timetable/inc/gcwt-parser.php on line 424
[02-Oct-2012 16:30:40 UTC] PHP Notice:  register_sidebar_widget is <strong>deprecated</strong> since version 2.8! Use wp_register_sidebar_widget() instead. in /wwwroot/swordschool/wp-includes/functions.php on line 2690
[02-Oct-2012 16:30:40 UTC] PHP Notice:  register_widget_control is <strong>deprecated</strong> since version 2.8! Use wp_register_widget_control() instead. in /wwwroot/swordschool/wp-includes/functions.php on line 2690
[02-Oct-2012 16:30:40 UTC] PHP Notice:  date_default_timezone_set(): Timezone ID '' is invalid in /wwwroot/swordschool/wp-content/plugins/google-calendar-weekly-timetable/google-calendar-weekly-timetable.php on line 409
[02-Oct-2012 16:30:40 UTC] PHP Notice:  Undefined variable: week_days in /wwwroot/swordschool/wp-content/plugins/google-calendar-weekly-timetable/google-calendar-weekly-timetable.php on line 454
[02-Oct-2012 16:30:40 UTC] PHP Notice:  Undefined variable: refresh_feed_key in /wwwroot/swordschool/wp-content/plugins/google-calendar-weekly-timetable/inc/gcwt-parser.php on line 50
[02-Oct-2012 16:30:40 UTC] PHP Warning:  ./cache is not writeable. Make sure you've set the correct relative or absolute path, and that the location is server-writable. in /wwwroot/swordschool/wp-includes/class-simplepie.php on line 1417
[02-Oct-2012 16:30:40 UTC] PHP Notice:  Undefined offset: 0 in /wwwroot/swordschool/wp-includes/class-simplepie.php on line 3019
[02-Oct-2012 16:30:40 UTC] PHP Notice:  Undefined offset: 5 in /wwwroot/swordschool/wp-content/plugins/google-calendar-weekly-timetable/inc/gcwt-parser.php on line 424
[02-Oct-2012 16:30:40 UTC] PHP Notice:  Undefined offset: 6 in /wwwroot/swordschool/wp-content/plugins/google-calendar-weekly-timetable/inc/gcwt-parser.php on line 424
[02-Oct-2012 16:30:40 UTC] PHP Notice:  Undefined offset: 5 in /wwwroot/swordschool/wp-content/plugins/google-calendar-weekly-timetable/inc/gcwt-parser.php on line 424
[02-Oct-2012 16:30:40 UTC] PHP Notice:  Undefined offset: 6 in /wwwroot/swordschool/wp-content/plugins/google-calendar-weekly-timetable/inc/gcwt-parser.php on line 424
[02-Oct-2012 16:30:42 UTC] PHP Notice:  register_sidebar_widget is <strong>deprecated</strong> since version 2.8! Use wp_register_sidebar_widget() instead. in /wwwroot/swordschool/wp-includes/functions.php on line 2690
[02-Oct-2012 16:30:42 UTC] PHP Notice:  register_widget_control is <strong>deprecated</strong> since version 2.8! Use wp_register_widget_control() instead. in /wwwroot/swordschool/wp-includes/functions.php on line 2690
[02-Oct-2012 16:30:42 UTC] PHP Notice:  date_default_timezone_set(): Timezone ID '' is invalid in /wwwroot/swordschool/wp-content/plugins/google-calendar-weekly-timetable/google-calendar-weekly-timetable.php on line 409
[02-Oct-2012 16:30:42 UTC] PHP Notice:  Undefined variable: week_days in /wwwroot/swordschool/wp-content/plugins/google-calendar-weekly-timetable/google-calendar-weekly-timetable.php on line 454
[02-Oct-2012 16:30:42 UTC] PHP Notice:  Undefined variable: refresh_feed_key in /wwwroot/swordschool/wp-content/plugins/google-calendar-weekly-timetable/inc/gcwt-parser.php on line 50
[02-Oct-2012 16:30:42 UTC] PHP Warning:  ./cache is not writeable. Make sure you've set the correct relative or absolute path, and that the location is server-writable. in /wwwroot/swordschool/wp-includes/class-simplepie.php on line 1417
[02-Oct-2012 16:30:42 UTC] PHP Notice:  Undefined offset: 0 in /wwwroot/swordschool/wp-includes/class-simplepie.php on line 3019
[02-Oct-2012 16:30:42 UTC] PHP Notice:  Undefined offset: 5 in /wwwroot/swordschool/wp-content/plugins/google-calendar-weekly-timetable/inc/gcwt-parser.php on line 424
[02-Oct-2012 16:30:42 UTC] PHP Notice:  Undefined offset: 6 in /wwwroot/swordschool/wp-content/plugins/google-calendar-weekly-timetable/inc/gcwt-parser.php on line 424
[02-Oct-2012 16:30:42 UTC] PHP Notice:  Undefined offset: 5 in /wwwroot/swordschool/wp-content/plugins/google-calendar-weekly-timetable/inc/gcwt-parser.php on line 424
[02-Oct-2012 16:30:42 UTC] PHP Notice:  Undefined offset: 6 in /wwwroot/swordschool/wp-content/plugins/google-calendar-weekly-timetable/inc/gcwt-parser.php on line 424
[02-Oct-2012 16:32:06 UTC] PHP Notice:  register_sidebar_widget is <strong>deprecated</strong> since version 2.8! Use wp_register_sidebar_widget() instead. in /wwwroot/swordschool/wp-includes/functions.php on line 2690
[02-Oct-2012 16:32:06 UTC] PHP Notice:  register_widget_control is <strong>deprecated</strong> since version 2.8! Use wp_register_widget_control() instead. in /wwwroot/swordschool/wp-includes/functions.php on line 2690
[02-Oct-2012 16:32:18 UTC] PHP Notice:  register_sidebar_widget is <strong>deprecated</strong> since version 2.8! Use wp_register_sidebar_widget() instead. in /wwwroot/swordschool/wp-includes/functions.php on line 2690
[02-Oct-2012 16:32:18 UTC] PHP Notice:  register_widget_control is <strong>deprecated</strong> since version 2.8! Use wp_register_widget_control() instead. in /wwwroot/swordschool/wp-includes/functions.php on line 2690
[02-Oct-2012 16:32:18 UTC] PHP Notice:  date_default_timezone_set(): Timezone ID '' is invalid in /wwwroot/swordschool/wp-content/plugins/google-calendar-weekly-timetable/google-calendar-weekly-timetable.php on line 409
[02-Oct-2012 16:32:18 UTC] PHP Notice:  Undefined variable: week_days in /wwwroot/swordschool/wp-content/plugins/google-calendar-weekly-timetable/google-calendar-weekly-timetable.php on line 454
[02-Oct-2012 16:32:18 UTC] PHP Notice:  Undefined variable: refresh_feed_key in /wwwroot/swordschool/wp-content/plugins/google-calendar-weekly-timetable/inc/gcwt-parser.php on line 50
[02-Oct-2012 16:32:18 UTC] PHP Warning:  ./cache is not writeable. Make sure you've set the correct relative or absolute path, and that the location is server-writable. in /wwwroot/swordschool/wp-includes/class-simplepie.php on line 1417
[02-Oct-2012 16:32:18 UTC] PHP Notice:  Undefined offset: 0 in /wwwroot/swordschool/wp-includes/class-simplepie.php on line 3019
[02-Oct-2012 16:32:18 UTC] PHP Notice:  Undefined offset: 5 in /wwwroot/swordschool/wp-content/plugins/google-calendar-weekly-timetable/inc/gcwt-parser.php on line 424
[02-Oct-2012 16:32:18 UTC] PHP Notice:  Undefined offset: 6 in /wwwroot/swordschool/wp-content/plugins/google-calendar-weekly-timetable/inc/gcwt-parser.php on line 424
[02-Oct-2012 16:32:18 UTC] PHP Notice:  Undefined offset: 5 in /wwwroot/swordschool/wp-content/plugins/google-calendar-weekly-timetable/inc/gcwt-parser.php on line 424
[02-Oct-2012 16:32:18 UTC] PHP Notice:  Undefined offset: 6 in /wwwroot/swordschool/wp-content/plugins/google-calendar-weekly-timetable/inc/gcwt-parser.php on line 424
[02-Oct-2012 16:32:19 UTC] PHP Notice:  register_sidebar_widget is <strong>deprecated</strong> since version 2.8! Use wp_register_sidebar_widget() instead. in /wwwroot/swordschool/wp-includes/functions.php on line 2690
[02-Oct-2012 16:32:19 UTC] PHP Notice:  register_widget_control is <strong>deprecated</strong> since version 2.8! Use wp_register_widget_control() instead. in /wwwroot/swordschool/wp-includes/functions.php on line 2690
[02-Oct-2012 16:32:19 UTC] PHP Notice:  date_default_timezone_set(): Timezone ID '' is invalid in /wwwroot/swordschool/wp-content/plugins/google-calendar-weekly-timetable/google-calendar-weekly-timetable.php on line 409
[02-Oct-2012 16:32:19 UTC] PHP Notice:  Undefined variable: week_days in /wwwroot/swordschool/wp-content/plugins/google-calendar-weekly-timetable/google-calendar-weekly-timetable.php on line 454
[02-Oct-2012 16:32:19 UTC] PHP Notice:  Undefined variable: refresh_feed_key in /wwwroot/swordschool/wp-content/plugins/google-calendar-weekly-timetable/inc/gcwt-parser.php on line 50
[02-Oct-2012 16:32:19 UTC] PHP Warning:  ./cache is not writeable. Make sure you've set the correct relative or absolute path, and that the location is server-writable. in /wwwroot/swordschool/wp-includes/class-simplepie.php on line 1417
[02-Oct-2012 16:32:19 UTC] PHP Notice:  Undefined offset: 0 in /wwwroot/swordschool/wp-includes/class-simplepie.php on line 3019
[02-Oct-2012 16:32:19 UTC] PHP Notice:  Undefined offset: 5 in /wwwroot/swordschool/wp-content/plugins/google-calendar-weekly-timetable/inc/gcwt-parser.php on line 424
[02-Oct-2012 16:32:19 UTC] PHP Notice:  Undefined offset: 6 in /wwwroot/swordschool/wp-content/plugins/google-calendar-weekly-timetable/inc/gcwt-parser.php on line 424
[02-Oct-2012 16:32:19 UTC] PHP Notice:  Undefined offset: 5 in /wwwroot/swordschool/wp-content/plugins/google-calendar-weekly-timetable/inc/gcwt-parser.php on line 424
[02-Oct-2012 16:32:19 UTC] PHP Notice:  Undefined offset: 6 in /wwwroot/swordschool/wp-content/plugins/google-calendar-weekly-timetable/inc/gcwt-parser.php on line 424
[03-Oct-2012 06:32:46 UTC] PHP Notice:  register_sidebar_widget is <strong>deprecated</strong> since version 2.8! Use wp_register_sidebar_widget() instead. in /wwwroot/swordschool/wp-includes/functions.php on line 2690
[03-Oct-2012 06:32:46 UTC] PHP Notice:  register_widget_control is <strong>deprecated</strong> since version 2.8! Use wp_register_widget_control() instead. in /wwwroot/swordschool/wp-includes/functions.php on line 2690
